# JRE version: Java(TM) SE Runtime Environment (17.0.8+9) (build 17.0.8+9-LTS-211)
# Java VM: Java HotSpot(TM) 64-Bit Server VM (17.0.8+9-LTS-211, mixed mode, sharing, tiered, compressed oops, compressed class ptrs, g1 gc, windows-amd64)
GC Precious Log:
 CPUs: 16 total, 16 available
 Memory: 6005M
 Large Page Support: Disabled
 NUMA Support: Disabled
 Compressed Oops: Enabled (32-bit)
 Heap Region Size: 1M
 Heap Min Capacity: 8M
 Heap Initial Capacity: 94M
 Heap Max Capacity: 1502M
 Pre-touch: Disabled
 Parallel Workers: 13
 Concurrent Workers: 3
 Concurrent Refinement Workers: 13
 Periodic GC: Disabled
Heap:
 garbage-first heap   total 65536K, used 20862K [0x00000000a2200000, 0x0000000100000000)
  region size 1024K, 8 young (8192K), 4 survivors (4096K)
 Metaspace       used 36600K, committed 36864K, reserved 1114112K
  class space    used 4651K, committed 4800K, reserved 1048576K
GC Heap History (16 events):
Event: 1.586 GC heap before
{Heap before GC invocations=0 (full 0):
 garbage-first heap   total 96256K, used 23552K [0x00000000a2200000, 0x0000000100000000)
  region size 1024K, 23 young (23552K), 0 survivors (0K)
 Metaspace       used 6204K, committed 6400K, reserved 1114112K
  class space    used 730K, committed 832K, reserved 1048576K
}
Event: 1.600 GC heap after
{Heap after GC invocations=1 (full 0):
 garbage-first heap   total 96256K, used 7324K [0x00000000a2200000, 0x0000000100000000)
  region size 1024K, 3 young (3072K), 3 survivors (3072K)
 Metaspace       used 6204K, committed 6400K, reserved 1114112K
  class space    used 730K, committed 832K, reserved 1048576K
}
Event: 2.622 GC heap before
{Heap before GC invocations=1 (full 0):
 garbage-first heap   total 96256K, used 34972K [0x00000000a2200000, 0x0000000100000000)
  region size 1024K, 30 young (30720K), 3 survivors (3072K)
 Metaspace       used 13357K, committed 13504K, reserved 1114112K
  class space    used 1780K, committed 1856K, reserved 1048576K
}
Event: 2.632 GC heap after
{Heap after GC invocations=2 (full 0):
 garbage-first heap   total 96256K, used 9636K [0x00000000a2200000, 0x0000000100000000)
  region size 1024K, 3 young (3072K), 3 survivors (3072K)
 Metaspace       used 13357K, committed 13504K, reserved 1114112K
  class space    used 1780K, committed 1856K, reserved 1048576K
}
Event: 3.519 GC heap before
{Heap before GC invocations=2 (full 0):
 garbage-first heap   total 96256K, used 45476K [0x00000000a2200000, 0x0000000100000000)
  region size 1024K, 39 young (39936K), 3 survivors (3072K)
 Metaspace       used 20416K, committed 20672K, reserved 1114112K
  class space    used 2586K, committed 2688K, reserved 1048576K
}
Event: 3.529 GC heap after
{Heap after GC invocations=3 (full 0):
 garbage-first heap   total 96256K, used 11805K [0x00000000a2200000, 0x0000000100000000)
  region size 1024K, 5 young (5120K), 5 survivors (5120K)
 Metaspace       used 20416K, committed 20672K, reserved 1114112K
  class space    used 2586K, committed 2688K, reserved 1048576K
}
Event: 3.817 GC heap before
{Heap before GC invocations=3 (full 0):
 garbage-first heap   total 96256K, used 18973K [0x00000000a2200000, 0x0000000100000000)
  region size 1024K, 13 young (13312K), 5 survivors (5120K)
 Metaspace       used 21313K, committed 21504K, reserved 1114112K
  class space    used 2695K, committed 2816K, reserved 1048576K
}
Event: 3.828 GC heap after
{Heap after GC invocations=4 (full 0):
 garbage-first heap   total 96256K, used 11792K [0x00000000a2200000, 0x0000000100000000)
  region size 1024K, 3 young (3072K), 3 survivors (3072K)
 Metaspace       used 21313K, committed 21504K, reserved 1114112K
  class space    used 2695K, committed 2816K, reserved 1048576K
}
Event: 5.138 GC heap before
{Heap before GC invocations=5 (full 0):
 garbage-first heap   total 48128K, used 37392K [0x00000000a2200000, 0x0000000100000000)
  region size 1024K, 28 young (28672K), 3 survivors (3072K)
 Metaspace       used 26040K, committed 26368K, reserved 1114112K
  class space    used 3376K, committed 3520K, reserved 1048576K
}
Event: 5.154 GC heap after
{Heap after GC invocations=6 (full 0):
 garbage-first heap   total 48128K, used 14132K [0x00000000a2200000, 0x0000000100000000)
  region size 1024K, 3 young (3072K), 3 survivors (3072K)
 Metaspace       used 26040K, committed 26368K, reserved 1114112K
  class space    used 3376K, committed 3520K, reserved 1048576K
}
Event: 5.205 GC heap before
{Heap before GC invocations=6 (full 0):
 garbage-first heap   total 48128K, used 15156K [0x00000000a2200000, 0x0000000100000000)
  region size 1024K, 4 young (4096K), 3 survivors (3072K)
 Metaspace       used 26183K, committed 26432K, reserved 1114112K
  class space    used 3399K, committed 3520K, reserved 1048576K
}
Event: 5.214 GC heap after
{Heap after GC invocations=7 (full 0):
 garbage-first heap   total 48128K, used 14710K [0x00000000a2200000, 0x0000000100000000)
  region size 1024K, 1 young (1024K), 1 survivors (1024K)
 Metaspace       used 26183K, committed 26432K, reserved 1114112K
  class space    used 3399K, committed 3520K, reserved 1048576K
}
Event: 6.363 GC heap before
{Heap before GC invocations=7 (full 0):
 garbage-first heap   total 48128K, used 33142K [0x00000000a2200000, 0x0000000100000000)
  region size 1024K, 20 young (20480K), 1 survivors (1024K)
 Metaspace       used 30196K, committed 30528K, reserved 1114112K
  class space    used 3894K, committed 4032K, reserved 1048576K
}
Event: 6.373 GC heap after
{Heap after GC invocations=8 (full 0):
 garbage-first heap   total 70656K, used 16209K [0x00000000a2200000, 0x0000000100000000)
  region size 1024K, 2 young (2048K), 2 survivors (2048K)
 Metaspace       used 30196K, committed 30528K, reserved 1114112K
  class space    used 3894K, committed 4032K, reserved 1048576K
}
Event: 7.434 GC heap before
{Heap before GC invocations=8 (full 0):
 garbage-first heap   total 70656K, used 35665K [0x00000000a2200000, 0x0000000100000000)
  region size 1024K, 23 young (23552K), 2 survivors (2048K)
 Metaspace       used 35722K, committed 35968K, reserved 1114112K
  class space    used 4523K, committed 4672K, reserved 1048576K
}
Event: 7.440 GC heap after
{Heap after GC invocations=9 (full 0):
 garbage-first heap   total 70656K, used 17790K [0x00000000a2200000, 0x0000000100000000)
  region size 1024K, 4 young (4096K), 4 survivors (4096K)
 Metaspace       used 35722K, committed 35968K, reserved 1114112K
  class space    used 4523K, committed 4672K, reserved 1048576K
}

