# JRE version: Java(TM) SE Runtime Environment (17.0.8+9) (build 17.0.8+9-LTS-211)
# Java VM: Java HotSpot(TM) 64-Bit Server VM (17.0.8+9-LTS-211, mixed mode, sharing, tiered, compressed oops, compressed class ptrs, g1 gc, windows-amd64)
GC Precious Log:
 CPUs: 16 total, 16 available
 Memory: 6005M
 Large Page Support: Disabled
 NUMA Support: Disabled
 Compressed Oops: Enabled (32-bit)
 Heap Region Size: 1M
 Heap Min Capacity: 8M
 Heap Initial Capacity: 94M
 Heap Max Capacity: 1502M
 Pre-touch: Disabled
 Parallel Workers: 13
 Concurrent Workers: 3
 Concurrent Refinement Workers: 13
 Periodic GC: Disabled
Heap:
 garbage-first heap   total 68608K, used 23778K [0x00000000a2200000, 0x0000000100000000)
  region size 1024K, 7 young (7168K), 4 survivors (4096K)
 Metaspace       used 52639K, committed 52928K, reserved 1114112K
  class space    used 7177K, committed 7296K, reserved 1048576K
GC Heap History (20 events):
Event: 21.159 GC heap before
{Heap before GC invocations=1 (full 0):
 garbage-first heap   total 96256K, used 34216K [0x00000000a2200000, 0x0000000100000000)
  region size 1024K, 29 young (29696K), 3 survivors (3072K)
 Metaspace       used 13197K, committed 13376K, reserved 1114112K
  class space    used 1758K, committed 1856K, reserved 1048576K
}
Event: 21.168 GC heap after
{Heap after GC invocations=2 (full 0):
 garbage-first heap   total 96256K, used 9679K [0x00000000a2200000, 0x0000000100000000)
  region size 1024K, 2 young (2048K), 2 survivors (2048K)
 Metaspace       used 13197K, committed 13376K, reserved 1114112K
  class space    used 1758K, committed 1856K, reserved 1048576K
}
Event: 22.353 GC heap before
{Heap before GC invocations=2 (full 0):
 garbage-first heap   total 96256K, used 53711K [0x00000000a2200000, 0x0000000100000000)
  region size 1024K, 46 young (47104K), 2 survivors (2048K)
 Metaspace       used 21316K, committed 21504K, reserved 1114112K
  class space    used 2695K, committed 2816K, reserved 1048576K
}
Event: 22.362 GC heap after
{Heap after GC invocations=3 (full 0):
 garbage-first heap   total 96256K, used 11934K [0x00000000a2200000, 0x0000000100000000)
  region size 1024K, 5 young (5120K), 5 survivors (5120K)
 Metaspace       used 21316K, committed 21504K, reserved 1114112K
  class space    used 2695K, committed 2816K, reserved 1048576K
}
Event: 23.814 GC heap before
{Heap before GC invocations=4 (full 0):
 garbage-first heap   total 48128K, used 35486K [0x00000000a2200000, 0x0000000100000000)
  region size 1024K, 28 young (28672K), 5 survivors (5120K)
 Metaspace       used 25216K, committed 25408K, reserved 1114112K
  class space    used 3278K, committed 3392K, reserved 1048576K
}
Event: 23.831 GC heap after
{Heap after GC invocations=5 (full 0):
 garbage-first heap   total 48128K, used 14052K [0x00000000a2200000, 0x0000000100000000)
  region size 1024K, 3 young (3072K), 3 survivors (3072K)
 Metaspace       used 25216K, committed 25408K, reserved 1114112K
  class space    used 3278K, committed 3392K, reserved 1048576K
}
Event: 23.945 GC heap before
{Heap before GC invocations=5 (full 0):
 garbage-first heap   total 48128K, used 15076K [0x00000000a2200000, 0x0000000100000000)
  region size 1024K, 4 young (4096K), 3 survivors (3072K)
 Metaspace       used 25565K, committed 25856K, reserved 1114112K
  class space    used 3318K, committed 3456K, reserved 1048576K
}
Event: 23.956 GC heap after
{Heap after GC invocations=6 (full 0):
 garbage-first heap   total 48128K, used 14068K [0x00000000a2200000, 0x0000000100000000)
  region size 1024K, 1 young (1024K), 1 survivors (1024K)
 Metaspace       used 25565K, committed 25856K, reserved 1114112K
  class space    used 3318K, committed 3456K, reserved 1048576K
}
Event: 25.233 GC heap before
{Heap before GC invocations=6 (full 0):
 garbage-first heap   total 48128K, used 31476K [0x00000000a2200000, 0x0000000100000000)
  region size 1024K, 19 young (19456K), 1 survivors (1024K)
 Metaspace       used 29668K, committed 30016K, reserved 1114112K
  class space    used 3818K, committed 3968K, reserved 1048576K
}
Event: 25.244 GC heap after
{Heap after GC invocations=7 (full 0):
 garbage-first heap   total 48128K, used 15874K [0x00000000a2200000, 0x0000000100000000)
  region size 1024K, 3 young (3072K), 3 survivors (3072K)
 Metaspace       used 29668K, committed 30016K, reserved 1114112K
  class space    used 3818K, committed 3968K, reserved 1048576K
}
Event: 26.124 GC heap before
{Heap before GC invocations=7 (full 0):
 garbage-first heap   total 48128K, used 33282K [0x00000000a2200000, 0x0000000100000000)
  region size 1024K, 20 young (20480K), 3 survivors (3072K)
 Metaspace       used 33583K, committed 33856K, reserved 1114112K
  class space    used 4261K, committed 4416K, reserved 1048576K
}
Event: 26.129 GC heap after
{Heap after GC invocations=8 (full 0):
 garbage-first heap   total 48128K, used 17396K [0x00000000a2200000, 0x0000000100000000)
  region size 1024K, 2 young (2048K), 2 survivors (2048K)
 Metaspace       used 33583K, committed 33856K, reserved 1114112K
  class space    used 4261K, committed 4416K, reserved 1048576K
}
Event: 26.484 GC heap before
{Heap before GC invocations=8 (full 0):
 garbage-first heap   total 48128K, used 22516K [0x00000000a2200000, 0x0000000100000000)
  region size 1024K, 9 young (9216K), 2 survivors (2048K)
 Metaspace       used 35717K, committed 35968K, reserved 1114112K
  class space    used 4522K, committed 4672K, reserved 1048576K
}
Event: 26.487 GC heap after
{Heap after GC invocations=9 (full 0):
 garbage-first heap   total 48128K, used 17550K [0x00000000a2200000, 0x0000000100000000)
  region size 1024K, 2 young (2048K), 2 survivors (2048K)
 Metaspace       used 35717K, committed 35968K, reserved 1114112K
  class space    used 4522K, committed 4672K, reserved 1048576K
}
Event: 27.643 GC heap before
{Heap before GC invocations=10 (full 0):
 garbage-first heap   total 48128K, used 35982K [0x00000000a2200000, 0x0000000100000000)
  region size 1024K, 20 young (20480K), 2 survivors (2048K)
 Metaspace       used 40734K, committed 41088K, reserved 1114112K
  class space    used 5448K, committed 5632K, reserved 1048576K
}
Event: 27.648 GC heap after
{Heap after GC invocations=11 (full 0):
 garbage-first heap   total 48128K, used 18917K [0x00000000a2200000, 0x0000000100000000)
  region size 1024K, 2 young (2048K), 2 survivors (2048K)
 Metaspace       used 40734K, committed 41088K, reserved 1114112K
  class space    used 5448K, committed 5632K, reserved 1048576K
}
Event: 27.700 GC heap before
{Heap before GC invocations=11 (full 0):
 garbage-first heap   total 48128K, used 18917K [0x00000000a2200000, 0x0000000100000000)
  region size 1024K, 3 young (3072K), 2 survivors (2048K)
 Metaspace       used 41000K, committed 41280K, reserved 1114112K
  class space    used 5486K, committed 5632K, reserved 1048576K
}
Event: 27.703 GC heap after
{Heap after GC invocations=12 (full 0):
 garbage-first heap   total 48128K, used 18914K [0x00000000a2200000, 0x0000000100000000)
  region size 1024K, 1 young (1024K), 1 survivors (1024K)
 Metaspace       used 41000K, committed 41280K, reserved 1114112K
  class space    used 5486K, committed 5632K, reserved 1048576K
}
Event: 28.491 GC heap before
{Heap before GC invocations=12 (full 0):
 garbage-first heap   total 48128K, used 35298K [0x00000000a2200000, 0x0000000100000000)
  region size 1024K, 18 young (18432K), 1 survivors (1024K)
 Metaspace       used 45991K, committed 46272K, reserved 1114112K
  class space    used 6159K, committed 6272K, reserved 1048576K
}
Event: 28.496 GC heap after
{Heap after GC invocations=13 (full 0):
 garbage-first heap   total 68608K, used 19589K [0x00000000a2200000, 0x0000000100000000)
  region size 1024K, 1 young (1024K), 1 survivors (1024K)
 Metaspace       used 45991K, committed 46272K, reserved 1114112K
  class space    used 6159K, committed 6272K, reserved 1048576K
}

